2021-05-19 18:29:07.127 ++ E:\sauvegarde\Perso\ScpServer\bin\ScpServer.exe  1.2.0.160
2021-05-19 18:29:07.183 ++ E:\sauvegarde\Perso\ScpServer\bin\ScpControl.dll 1.2.0.160
2021-05-19 18:29:07.287 ++ Microsoft Windows 10 Professionnel (6.2.9200.0 AMD64)
2021-05-19 18:29:07.298 -- Bus Open   : Offset 0
2021-05-19 18:29:07.319 -- Bus Open   : Path \\?\ROOT#SYSTEM#0001#{F679F562-3164-42CE-A4DB-E7DDBE723909}
2021-05-19 18:29:07.370 ## Mapper.Initialize() - Profiles [5] Active [Default] Mappings [0]
2021-05-19 18:29:07.397 -- Controller : UDP_Worker_Thread Starting
2021-05-19 18:29:10.908 ++ Notify [Removal] [{2F87C733-60E0-4355-8515-95D6978418B2}] [\\?\USB#VID_054C&PID_0268#9&33C9E458&0&2#{2F87C733-60E0-4355-8515-95D6978418B2}]
2021-05-19 18:29:10.927 -- Device Removal [00:00:00:00:00:00]
2021-05-19 18:29:16.680 ++ Notify [Arrival] [{2F87C733-60E0-4355-8515-95D6978418B2}] [\\?\USB#VID_054C&PID_0268#9&33C9E458&0&2#{2F87C733-60E0-4355-8515-95D6978418B2}]
2021-05-19 18:30:00.430 ## Mapper.Shutdown()
2021-05-19 18:30:00.432 -- Controller : UDP_Worker_Thread Exiting
2021-05-19 18:30:02.119 ++ Notify [Removal] [{2F87C733-60E0-4355-8515-95D6978418B2}] [\\?\USB#VID_054C&PID_0268#9&33C9E458&0&2#{2F87C733-60E0-4355-8515-95D6978418B2}]
2021-05-19 18:30:02.132 -- Device Removal [00:00:00:00:00:00]
2021-05-19 18:30:03.438 ++ E:\sauvegarde\Perso\ScpServer\bin\ScpControl.dll 1.2.0.160
2021-05-19 18:30:03.493 ++ Microsoft Windows 10 Professionnel (6.2.9200.0 AMD64)
2021-05-19 18:30:03.495 ## Mapper.Initialize() - Profiles [5] Active [Default] Mappings [0]
2021-05-19 18:30:03.504 -- Controller : UDP_Worker_Thread Starting
2021-05-19 18:30:04.950 ## Mapper.Shutdown()
2021-05-19 18:30:04.950 -- Controller : UDP_Worker_Thread Exiting
2021-05-19 18:30:08.270 ++ Notify [Arrival] [{2F87C733-60E0-4355-8515-95D6978418B2}] [\\?\USB#VID_054C&PID_0268#9&33C9E458&0&2#{2F87C733-60E0-4355-8515-95D6978418B2}]
2021-05-19 18:30:10.791 ++ E:\sauvegarde\Perso\ScpServer\bin\ScpControl.dll 1.2.0.160
2021-05-19 18:30:10.844 ++ Microsoft Windows 10 Professionnel (6.2.9200.0 AMD64)
2021-05-19 18:30:10.846 ## Mapper.Initialize() - Profiles [5] Active [Default] Mappings [0]
2021-05-19 18:30:10.856 -- Controller : UDP_Worker_Thread Starting
2021-05-19 18:30:46.875 ## Mapper.Shutdown()
2021-05-19 18:30:49.693 ++ E:\sauvegarde\Perso\ScpServer\bin\ScpServer.exe  1.2.0.160
2021-05-19 18:30:49.702 ++ E:\sauvegarde\Perso\ScpServer\bin\ScpControl.dll 1.2.0.160
2021-05-19 18:30:49.779 ++ Microsoft Windows 10 Professionnel (6.2.9200.0 AMD64)
2021-05-19 18:30:49.782 -- Bus Open   : Offset 0
2021-05-19 18:30:49.788 -- Bus Open   : Path \\?\ROOT#SYSTEM#0001#{F679F562-3164-42CE-A4DB-E7DDBE723909}
2021-05-19 18:30:49.819 ## Mapper.Initialize() - Profiles [5] Active [Default] Mappings [0]
2021-05-19 18:30:49.834 -- Controller : UDP_Worker_Thread Starting
2021-05-19 18:30:56.135 ## Mapper.Shutdown()
2021-05-19 18:31:03.063 ++ E:\sauvegarde\Perso\ScpServer\bin\ScpServer.exe  1.2.0.160
2021-05-19 18:31:03.072 ++ E:\sauvegarde\Perso\ScpServer\bin\ScpControl.dll 1.2.0.160
2021-05-19 18:31:03.150 ++ Microsoft Windows 10 Professionnel (6.2.9200.0 AMD64)
2021-05-19 18:31:03.153 -- Bus Open   : Offset 0
2021-05-19 18:31:03.159 -- Bus Open   : Path \\?\ROOT#SYSTEM#0001#{F679F562-3164-42CE-A4DB-E7DDBE723909}
2021-05-19 18:31:03.189 ## Mapper.Initialize() - Profiles [5] Active [Default] Mappings [0]
2021-05-19 18:31:03.216 -- Controller : UDP_Worker_Thread Starting
2021-05-19 18:31:05.503 ++ Notify [Removal] [{2F87C733-60E0-4355-8515-95D6978418B2}] [\\?\USB#VID_054C&PID_0268#9&33C9E458&0&2#{2F87C733-60E0-4355-8515-95D6978418B2}]
2021-05-19 18:31:05.518 -- Device Removal [00:00:00:00:00:00]
2021-05-19 18:31:09.089 ++ Notify [Arrival] [{2F87C733-60E0-4355-8515-95D6978418B2}] [\\?\USB#VID_054C&PID_0268#9&33C9E458&0&2#{2F87C733-60E0-4355-8515-95D6978418B2}]
2021-05-19 18:33:38.913 ++ Notify [Removal] [{2F87C733-60E0-4355-8515-95D6978418B2}] [\\?\USB#VID_054C&PID_0268#9&33C9E458&0&2#{2F87C733-60E0-4355-8515-95D6978418B2}]
2021-05-19 18:33:39.266 -- Device Removal [00:00:00:00:00:00]
2021-05-19 18:33:42.695 ++ Notify [Arrival] [{2F87C733-60E0-4355-8515-95D6978418B2}] [\\?\USB#VID_054C&PID_0268#9&33C9E458&0&2#{2F87C733-60E0-4355-8515-95D6978418B2}]
2021-05-19 18:34:34.501 ## Mapper.Shutdown()
2021-05-19 18:34:47.402 ++ E:\sauvegarde\Perso\ScpServer\bin\ScpServer.exe  1.2.0.160
2021-05-19 18:34:47.408 ++ E:\sauvegarde\Perso\ScpServer\bin\ScpControl.dll 1.2.0.160
2021-05-19 18:34:47.520 ++ Microsoft Windows 10 Professionnel (6.2.9200.0 AMD64)
2021-05-19 18:34:47.523 -- Bus Open   : Offset 0
2021-05-19 18:34:47.530 -- Bus Open   : Path \\?\ROOT#SYSTEM#0001#{F679F562-3164-42CE-A4DB-E7DDBE723909}
2021-05-19 18:34:47.587 ## Mapper.Initialize() - Profiles [5] Active [Default] Mappings [0]
2021-05-19 18:34:47.615 -- Controller : UDP_Worker_Thread Starting
2021-09-04 18:29:12.023 ++ C:\Users\UserPC\Desktop\ScpServer\bin\ScpServer.exe  1.2.0.160
2021-09-04 18:29:12.369 ++ C:\Users\UserPC\Desktop\ScpServer\bin\ScpControl.dll 1.2.0.160
2021-09-04 18:29:13.668 ++ Microsoft Windows 10 Professionnel (6.2.9200.0 AMD64)
2021-09-04 18:29:13.670 -- Bus Open   : Offset 0
2021-09-04 18:29:13.676 -- Bus Open   : Path \\?\ROOT#SYSTEM#0002#{F679F562-3164-42CE-A4DB-E7DDBE723909}
2021-09-04 18:29:13.914 ## Mapper.Initialize() - Profiles [5] Active [Default] Mappings [0]
2021-09-04 18:29:49.916 ## Mapper.Shutdown()
2021-09-04 18:29:54.929 ++ C:\Users\UserPC\Desktop\ScpServer\bin\ScpControl.dll 1.2.0.160
2021-09-04 18:29:54.966 ++ Microsoft Windows 10 Professionnel (6.2.9200.0 AMD64)
2021-09-04 18:29:55.041 ## Mapper.Initialize() - Profiles [5] Active [Default] Mappings [0]
2021-09-04 18:30:12.838 ## Mapper.Shutdown()
2021-09-04 18:30:53.023 ++ C:\Users\UserPC\Desktop\ScpServer\bin\ScpServer.exe  1.2.0.160
2021-09-04 18:30:53.085 ++ C:\Users\UserPC\Desktop\ScpServer\bin\ScpControl.dll 1.2.0.160
2021-09-04 18:30:53.515 ++ Microsoft Windows 10 Professionnel (6.2.9200.0 AMD64)
2021-09-04 18:30:53.517 -- Bus Open   : Offset 0
2021-09-04 18:30:53.566 -- Bus Open   : Path \\?\ROOT#SYSTEM#0002#{F679F562-3164-42CE-A4DB-E7DDBE723909}
2021-09-04 18:30:53.637 ## Mapper.Initialize() - Profiles [5] Active [Default] Mappings [0]
2021-09-04 18:30:57.656 ## Mapper.Shutdown()
2021-09-04 18:32:44.493 ++ C:\Users\UserPC\Desktop\ScpServer\bin\ScpServer.exe  1.2.0.160
2021-09-04 18:32:44.497 ++ C:\Users\UserPC\Desktop\ScpServer\bin\ScpControl.dll 1.2.0.160
2021-09-04 18:32:44.565 ++ Microsoft Windows 10 Professionnel (6.2.9200.0 AMD64)
2021-09-04 18:32:44.567 -- Bus Open   : Offset 0
2021-09-04 18:32:44.571 -- Bus Open   : Path \\?\ROOT#SYSTEM#0002#{F679F562-3164-42CE-A4DB-E7DDBE723909}
2021-09-04 18:32:44.593 ## Mapper.Initialize() - Profiles [5] Active [Default] Mappings [0]
2021-09-04 18:32:47.954 ## Mapper.Shutdown()
2021-09-04 18:33:34.316 ++ C:\Users\UserPC\Desktop\ScpServer\bin\ScpServer.exe  1.2.0.160
2021-09-04 18:33:34.319 ++ C:\Users\UserPC\Desktop\ScpServer\bin\ScpControl.dll 1.2.0.160
2021-09-04 18:33:34.432 ++ Microsoft Windows 10 Professionnel (6.2.9200.0 AMD64)
2021-09-04 18:33:34.434 -- Bus Open   : Offset 0
2021-09-04 18:33:34.438 -- Bus Open   : Path \\?\ROOT#SYSTEM#0002#{F679F562-3164-42CE-A4DB-E7DDBE723909}
2021-09-04 18:33:34.460 ## Mapper.Initialize() - Profiles [5] Active [Default] Mappings [0]
2021-09-04 18:33:38.463 ++ Notify [Removal] [{E2824A09-DBAA-4407-85CA-C8E8FF5F6FFA}] [\\?\USB#VID_054C&PID_0268#5&9B5D6DD&0&4#{E2824A09-DBAA-4407-85CA-C8E8FF5F6FFA}]
2021-09-04 18:33:40.348 ++ Notify [Arrival] [{E2824A09-DBAA-4407-85CA-C8E8FF5F6FFA}] [\\?\USB#VID_054C&PID_0268#5&9B5D6DD&0&4#{E2824A09-DBAA-4407-85CA-C8E8FF5F6FFA}]
2021-09-04 18:33:40.349 -- DS3 Arrival Event
2021-09-04 18:53:35.385 ## Mapper.Shutdown()
2021-09-05 22:28:52.526 ++ C:\Users\UserPC\Desktop\ScpServer\bin\ScpServer.exe  1.2.0.160
2021-09-05 22:28:52.530 ++ C:\Users\UserPC\Desktop\ScpServer\bin\ScpControl.dll 1.2.0.160
2021-09-05 22:28:52.653 ++ Microsoft Windows 10 Professionnel (6.2.9200.0 AMD64)
2021-09-05 22:28:52.654 -- Bus Open   : Offset 0
2021-09-05 22:28:52.659 -- Bus Open   : Path \\?\ROOT#SYSTEM#0002#{F679F562-3164-42CE-A4DB-E7DDBE723909}
2021-09-05 22:28:52.695 ## Mapper.Initialize() - Profiles [5] Active [Default] Mappings [0]
2021-09-05 22:28:53.688 ## Mapper.Initialize() - Profiles [5] Active [Default] Mappings [0]
2021-09-05 22:29:05.571 ## Mapper.Shutdown()
2021-11-30 07:54:33.583 ++ C:\Users\YX971\Desktop\ScpServer\bin\ScpServer.exe  1.2.0.160
2021-11-30 07:54:33.589 ++ C:\Users\YX971\Desktop\ScpServer\bin\ScpControl.dll 1.2.0.160
2021-11-30 07:54:33.656 ++ Microsoft Windows 10 Professionnel (6.2.9200.0 AMD64)
2021-11-30 07:54:33.658 -- Bus Open   : Offset 0
2021-11-30 07:54:33.663 -- Bus Open   : Path \\?\ROOT#SYSTEM#0001#{F679F562-3164-42CE-A4DB-E7DDBE723909}
2021-11-30 07:54:33.684 ## Mapper.Initialize() - Profiles [5] Active [Default] Mappings [0]
2021-11-30 07:58:57.192 ++ Notify [Arrival] [{E2824A09-DBAA-4407-85CA-C8E8FF5F6FFA}] [\\?\USB#VID_054C&PID_0268#5&9B5D6DD&0&4#{E2824A09-DBAA-4407-85CA-C8E8FF5F6FFA}]
2021-11-30 07:58:57.193 -- DS3 Arrival Event
2021-11-30 07:58:57.229 -- Device Arrival [E0:AE:5E:07:55:F7]
2021-11-30 07:58:57.233 -- Bus Plugin : Serial 1
2021-11-30 07:58:57.233 ++ Plugin Port #1 for [E0:AE:5E:07:55:F7]
2021-11-30 07:58:57.246 -- Started Device Instance [USB\VID_054C&PID_0268\5&9B5D6DD&0&4] Local [E0:AE:5E:07:55:F7] Remote [F0:F0:02:B7:82:F3]
2021-11-30 07:58:57.240 -- USB Device : HID_Worker_Thread Starting
2021-11-30 08:01:24.790 ## Mapper.Shutdown()
2021-11-30 08:01:24.798 -- Bus Unplug : Serial 1
2021-11-30 08:01:43.172 ++ C:\Users\YX971\Desktop\ScpServer\bin\ScpServer.exe  1.2.0.160
2021-11-30 08:01:43.176 ++ C:\Users\YX971\Desktop\ScpServer\bin\ScpControl.dll 1.2.0.160
2021-11-30 08:01:43.246 ++ Microsoft Windows 10 Professionnel (6.2.9200.0 AMD64)
2021-11-30 08:01:43.248 -- Bus Open   : Offset 0
2021-11-30 08:01:43.252 -- Bus Open   : Path \\?\ROOT#SYSTEM#0001#{F679F562-3164-42CE-A4DB-E7DDBE723909}
2021-11-30 08:01:43.273 ## Mapper.Initialize() - Profiles [5] Active [Default] Mappings [0]
2021-11-30 08:01:46.955 ++ Notify [Removal] [{E2824A09-DBAA-4407-85CA-C8E8FF5F6FFA}] [\\?\USB#VID_054C&PID_0268#5&9B5D6DD&0&4#{E2824A09-DBAA-4407-85CA-C8E8FF5F6FFA}]
2021-11-30 08:01:48.091 ++ Notify [Arrival] [{E2824A09-DBAA-4407-85CA-C8E8FF5F6FFA}] [\\?\USB#VID_054C&PID_0268#5&9B5D6DD&0&4#{E2824A09-DBAA-4407-85CA-C8E8FF5F6FFA}]
2021-11-30 08:01:48.092 -- DS3 Arrival Event
2021-11-30 08:02:17.278 ## Mapper.Shutdown()
2021-12-02 14:54:46.802 ++ C:\Users\YX971\Desktop\ScpServer\bin\ScpServer.exe  1.2.0.160
2021-12-02 14:54:46.806 ++ C:\Users\YX971\Desktop\ScpServer\bin\ScpControl.dll 1.2.0.160
2021-12-02 14:54:46.923 ++ Microsoft Windows 10 Professionnel (6.2.9200.0 AMD64)
2021-12-02 14:54:46.925 -- Bus Open   : Offset 0
2021-12-02 14:54:46.930 -- Bus Open   : Path \\?\ROOT#SYSTEM#0001#{F679F562-3164-42CE-A4DB-E7DDBE723909}
2021-12-02 14:54:46.964 ## Mapper.Initialize() - Profiles [5] Active [Default] Mappings [0]
2021-12-02 14:54:47.957 ## Mapper.Initialize() - Profiles [5] Active [Default] Mappings [0]
2021-12-02 14:54:51.649 ++ Notify [Removal] [{E2824A09-DBAA-4407-85CA-C8E8FF5F6FFA}] [\\?\USB#VID_054C&PID_0268#5&9B5D6DD&0&4#{E2824A09-DBAA-4407-85CA-C8E8FF5F6FFA}]
2021-12-02 14:54:54.247 ++ Notify [Arrival] [{E2824A09-DBAA-4407-85CA-C8E8FF5F6FFA}] [\\?\USB#VID_054C&PID_0268#5&9B5D6DD&0&4#{E2824A09-DBAA-4407-85CA-C8E8FF5F6FFA}]
2021-12-02 14:54:54.248 -- DS3 Arrival Event
2021-12-02 14:56:09.971 ## Mapper.Shutdown()
2021-12-05 09:39:38.425 ++ C:\Users\YX971\Desktop\ScpServer\bin\ScpServer.exe  1.2.0.160
2021-12-05 09:39:38.429 ++ C:\Users\YX971\Desktop\ScpServer\bin\ScpControl.dll 1.2.0.160
2021-12-05 09:39:38.538 ++ Microsoft Windows 10 Professionnel (6.2.9200.0 AMD64)
2021-12-05 09:39:38.540 -- Bus Open   : Offset 0
2021-12-05 09:39:38.544 -- Bus Open   : Path \\?\ROOT#SYSTEM#0001#{F679F562-3164-42CE-A4DB-E7DDBE723909}
2021-12-05 09:39:38.581 ## Mapper.Initialize() - Profiles [5] Active [Default] Mappings [0]
2021-12-05 09:39:39.573 ## Mapper.Initialize() - Profiles [5] Active [Default] Mappings [0]
2021-12-05 09:42:44.335 ++ Notify [Removal] [{E2824A09-DBAA-4407-85CA-C8E8FF5F6FFA}] [\\?\USB#VID_054C&PID_0268#5&9B5D6DD&0&4#{E2824A09-DBAA-4407-85CA-C8E8FF5F6FFA}]
2021-12-05 09:42:45.616 ++ Notify [Arrival] [{E2824A09-DBAA-4407-85CA-C8E8FF5F6FFA}] [\\?\USB#VID_054C&PID_0268#5&9B5D6DD&0&4#{E2824A09-DBAA-4407-85CA-C8E8FF5F6FFA}]
2021-12-05 09:42:45.618 -- DS3 Arrival Event
2021-12-05 09:42:45.655 ++ Notify [Removal] [{E2824A09-DBAA-4407-85CA-C8E8FF5F6FFA}] [\\?\USB#VID_054C&PID_0268#5&9B5D6DD&0&4#{E2824A09-DBAA-4407-85CA-C8E8FF5F6FFA}]
2021-12-05 09:42:46.106 ++ Notify [Arrival] [{E2824A09-DBAA-4407-85CA-C8E8FF5F6FFA}] [\\?\USB#VID_054C&PID_0268#5&9B5D6DD&0&4#{E2824A09-DBAA-4407-85CA-C8E8FF5F6FFA}]
2021-12-05 09:42:46.107 -- DS3 Arrival Event
2021-12-05 09:44:50.492 ++ Notify [Removal] [{E2824A09-DBAA-4407-85CA-C8E8FF5F6FFA}] [\\?\USB#VID_054C&PID_0268#5&9B5D6DD&0&4#{E2824A09-DBAA-4407-85CA-C8E8FF5F6FFA}]
2021-12-05 09:44:52.819 ++ Notify [Arrival] [{E2824A09-DBAA-4407-85CA-C8E8FF5F6FFA}] [\\?\USB#VID_054C&PID_0268#5&9B5D6DD&0&4#{E2824A09-DBAA-4407-85CA-C8E8FF5F6FFA}]
2021-12-05 09:44:52.821 -- DS3 Arrival Event
2021-12-05 09:44:53.215 ++ Notify [Removal] [{E2824A09-DBAA-4407-85CA-C8E8FF5F6FFA}] [\\?\USB#VID_054C&PID_0268#5&9B5D6DD&0&4#{E2824A09-DBAA-4407-85CA-C8E8FF5F6FFA}]
2021-12-05 09:44:53.663 ++ Notify [Arrival] [{E2824A09-DBAA-4407-85CA-C8E8FF5F6FFA}] [\\?\USB#VID_054C&PID_0268#5&9B5D6DD&0&4#{E2824A09-DBAA-4407-85CA-C8E8FF5F6FFA}]
2021-12-05 09:44:53.665 -- DS3 Arrival Event
2021-12-05 09:45:10.556 ## Mapper.Shutdown()
2021-12-05 09:45:13.321 ++ Notify [Removal] [{E2824A09-DBAA-4407-85CA-C8E8FF5F6FFA}] [\\?\USB#VID_054C&PID_0268#5&9B5D6DD&0&4#{E2824A09-DBAA-4407-85CA-C8E8FF5F6FFA}]
2021-12-05 09:45:17.028 ++ Notify [Arrival] [{E2824A09-DBAA-4407-85CA-C8E8FF5F6FFA}] [\\?\USB#VID_054C&PID_0268#5&9B5D6DD&0&4#{E2824A09-DBAA-4407-85CA-C8E8FF5F6FFA}]
2021-12-05 09:45:17.030 -- DS3 Arrival Event
2021-12-05 09:45:17.436 ++ Notify [Removal] [{E2824A09-DBAA-4407-85CA-C8E8FF5F6FFA}] [\\?\USB#VID_054C&PID_0268#5&9B5D6DD&0&4#{E2824A09-DBAA-4407-85CA-C8E8FF5F6FFA}]
2021-12-05 09:45:17.886 ++ Notify [Arrival] [{E2824A09-DBAA-4407-85CA-C8E8FF5F6FFA}] [\\?\USB#VID_054C&PID_0268#5&9B5D6DD&0&4#{E2824A09-DBAA-4407-85CA-C8E8FF5F6FFA}]
2021-12-05 09:45:17.887 -- DS3 Arrival Event
2021-12-05 09:46:17.913 ++ Notify [Removal] [{E2824A09-DBAA-4407-85CA-C8E8FF5F6FFA}] [\\?\USB#VID_054C&PID_0268#5&9B5D6DD&0&4#{E2824A09-DBAA-4407-85CA-C8E8FF5F6FFA}]
2021-12-05 09:46:22.212 ++ Notify [Arrival] [{E2824A09-DBAA-4407-85CA-C8E8FF5F6FFA}] [\\?\USB#VID_054C&PID_0268#5&9B5D6DD&0&4#{E2824A09-DBAA-4407-85CA-C8E8FF5F6FFA}]
2021-12-05 09:46:22.213 -- DS3 Arrival Event
2021-12-05 09:46:22.626 ++ Notify [Removal] [{E2824A09-DBAA-4407-85CA-C8E8FF5F6FFA}] [\\?\USB#VID_054C&PID_0268#5&9B5D6DD&0&4#{E2824A09-DBAA-4407-85CA-C8E8FF5F6FFA}]
2021-12-05 09:46:23.075 ++ Notify [Arrival] [{E2824A09-DBAA-4407-85CA-C8E8FF5F6FFA}] [\\?\USB#VID_054C&PID_0268#5&9B5D6DD&0&4#{E2824A09-DBAA-4407-85CA-C8E8FF5F6FFA}]
2021-12-05 09:46:23.077 -- DS3 Arrival Event
2021-12-05 09:47:09.461 ++ C:\Users\YX971\Desktop\ScpServer\bin\ScpServer.exe  1.2.0.160
2021-12-05 09:47:09.466 ++ C:\Users\YX971\Desktop\ScpServer\bin\ScpControl.dll 1.2.0.160
2021-12-05 09:47:09.542 ++ Microsoft Windows 10 Professionnel (6.2.9200.0 AMD64)
2021-12-05 09:47:09.544 -- Bus Open   : Offset 0
2021-12-05 09:47:09.549 -- Bus Open   : Path \\?\ROOT#SYSTEM#0001#{F679F562-3164-42CE-A4DB-E7DDBE723909}
2021-12-05 09:47:09.571 ## Mapper.Initialize() - Profiles [5] Active [Default] Mappings [0]
2021-12-05 09:47:11.112 ++ Notify [Removal] [{E2824A09-DBAA-4407-85CA-C8E8FF5F6FFA}] [\\?\USB#VID_054C&PID_0268#5&9B5D6DD&0&4#{E2824A09-DBAA-4407-85CA-C8E8FF5F6FFA}]
2021-12-05 09:47:13.946 ++ Notify [Arrival] [{E2824A09-DBAA-4407-85CA-C8E8FF5F6FFA}] [\\?\USB#VID_054C&PID_0268#5&9B5D6DD&0&4#{E2824A09-DBAA-4407-85CA-C8E8FF5F6FFA}]
2021-12-05 09:47:13.947 -- DS3 Arrival Event
2021-12-05 09:47:14.366 ++ Notify [Removal] [{E2824A09-DBAA-4407-85CA-C8E8FF5F6FFA}] [\\?\USB#VID_054C&PID_0268#5&9B5D6DD&0&4#{E2824A09-DBAA-4407-85CA-C8E8FF5F6FFA}]
2021-12-05 09:47:14.810 ++ Notify [Arrival] [{E2824A09-DBAA-4407-85CA-C8E8FF5F6FFA}] [\\?\USB#VID_054C&PID_0268#5&9B5D6DD&0&4#{E2824A09-DBAA-4407-85CA-C8E8FF5F6FFA}]
2021-12-05 09:47:14.812 -- DS3 Arrival Event
2021-12-05 09:48:02.206 ++ Notify [Removal] [{E2824A09-DBAA-4407-85CA-C8E8FF5F6FFA}] [\\?\USB#VID_054C&PID_0268#5&9B5D6DD&0&4#{E2824A09-DBAA-4407-85CA-C8E8FF5F6FFA}]
2021-12-05 09:48:06.995 ++ Notify [Arrival] [{E2824A09-DBAA-4407-85CA-C8E8FF5F6FFA}] [\\?\USB#VID_054C&PID_0268#5&9B5D6DD&0&4#{E2824A09-DBAA-4407-85CA-C8E8FF5F6FFA}]
2021-12-05 09:48:06.998 -- DS3 Arrival Event
2021-12-05 09:48:07.316 ++ Notify [Removal] [{E2824A09-DBAA-4407-85CA-C8E8FF5F6FFA}] [\\?\USB#VID_054C&PID_0268#5&9B5D6DD&0&4#{E2824A09-DBAA-4407-85CA-C8E8FF5F6FFA}]
2021-12-05 09:48:07.768 ++ Notify [Arrival] [{E2824A09-DBAA-4407-85CA-C8E8FF5F6FFA}] [\\?\USB#VID_054C&PID_0268#5&9B5D6DD&0&4#{E2824A09-DBAA-4407-85CA-C8E8FF5F6FFA}]
2021-12-05 09:48:07.771 -- DS3 Arrival Event
2021-12-05 09:55:42.321 ++ Notify [Removal] [{E2824A09-DBAA-4407-85CA-C8E8FF5F6FFA}] [\\?\USB#VID_054C&PID_0268#5&9B5D6DD&0&4#{E2824A09-DBAA-4407-85CA-C8E8FF5F6FFA}]
2021-12-05 09:55:43.286 ++ Notify [Arrival] [{E2824A09-DBAA-4407-85CA-C8E8FF5F6FFA}] [\\?\USB#VID_054C&PID_0268#5&9B5D6DD&0&4#{E2824A09-DBAA-4407-85CA-C8E8FF5F6FFA}]
2021-12-05 09:55:43.291 -- DS3 Arrival Event
2021-12-05 10:05:14.635 ++ Notify [Removal] [{E2824A09-DBAA-4407-85CA-C8E8FF5F6FFA}] [\\?\USB#VID_054C&PID_0268#5&9B5D6DD&0&4#{E2824A09-DBAA-4407-85CA-C8E8FF5F6FFA}]
2021-12-05 10:05:17.507 ++ Notify [Arrival] [{E2824A09-DBAA-4407-85CA-C8E8FF5F6FFA}] [\\?\USB#VID_054C&PID_0268#5&9B5D6DD&0&4#{E2824A09-DBAA-4407-85CA-C8E8FF5F6FFA}]
2021-12-05 10:05:17.509 -- DS3 Arrival Event
2021-12-05 10:05:37.766 ++ Notify [Removal] [{E2824A09-DBAA-4407-85CA-C8E8FF5F6FFA}] [\\?\USB#VID_054C&PID_0268#5&9B5D6DD&0&4#{E2824A09-DBAA-4407-85CA-C8E8FF5F6FFA}]
2021-12-05 10:05:40.054 ++ Notify [Arrival] [{E2824A09-DBAA-4407-85CA-C8E8FF5F6FFA}] [\\?\USB#VID_054C&PID_0268#5&9B5D6DD&0&4#{E2824A09-DBAA-4407-85CA-C8E8FF5F6FFA}]
2021-12-05 10:05:40.057 -- DS3 Arrival Event
2021-12-05 10:11:11.839 ++ Notify [Removal] [{E2824A09-DBAA-4407-85CA-C8E8FF5F6FFA}] [\\?\USB#VID_054C&PID_0268#5&9B5D6DD&0&4#{E2824A09-DBAA-4407-85CA-C8E8FF5F6FFA}]
2021-12-05 10:11:14.310 ++ Notify [Arrival] [{E2824A09-DBAA-4407-85CA-C8E8FF5F6FFA}] [\\?\USB#VID_054C&PID_0268#5&9B5D6DD&0&4#{E2824A09-DBAA-4407-85CA-C8E8FF5F6FFA}]
2021-12-05 10:11:14.313 -- DS3 Arrival Event
2021-12-05 10:12:07.830 ## Mapper.Shutdown()
2021-12-08 16:26:56.671 ++ C:\Users\YX971\Desktop\ScpServer\bin\ScpServer.exe  1.2.0.160
2021-12-08 16:26:56.675 ++ C:\Users\YX971\Desktop\ScpServer\bin\ScpControl.dll 1.2.0.160
2021-12-08 16:26:56.741 ++ Microsoft Windows 10 Professionnel (6.2.9200.0 AMD64)
2021-12-08 16:26:56.743 -- Bus Open   : Offset 0
2021-12-08 16:26:56.747 -- Bus Open   : Path \\?\ROOT#SYSTEM#0001#{F679F562-3164-42CE-A4DB-E7DDBE723909}
2021-12-08 16:26:56.775 ## Mapper.Initialize() - Profiles [5] Active [Default] Mappings [0]
2021-12-08 16:26:57.780 ## Mapper.Initialize() - Profiles [5] Active [Default] Mappings [0]
2021-12-08 16:27:25.025 ## Mapper.Shutdown()
2021-12-08 16:38:03.538 ++ C:\Users\YX971\Desktop\ScpServer\bin\ScpServer.exe  1.2.0.160
2021-12-08 16:38:03.542 ++ C:\Users\YX971\Desktop\ScpServer\bin\ScpControl.dll 1.2.0.160
2021-12-08 16:38:03.620 ++ Microsoft Windows 10 Professionnel (6.2.9200.0 AMD64)
2021-12-08 16:38:03.622 -- Bus Open   : Offset 0
2021-12-08 16:38:03.626 -- Bus Open   : Path \\?\ROOT#SYSTEM#0001#{F679F562-3164-42CE-A4DB-E7DDBE723909}
2021-12-08 16:38:03.648 ## Mapper.Initialize() - Profiles [5] Active [Default] Mappings [0]
2021-12-08 16:38:09.313 ## Mapper.Shutdown()
2021-12-08 16:38:25.949 ++ C:\Users\YX971\Desktop\ScpServer\bin\ScpServer.exe  1.2.0.160
2021-12-08 16:38:25.952 ++ C:\Users\YX971\Desktop\ScpServer\bin\ScpControl.dll 1.2.0.160
2021-12-08 16:38:26.017 ++ Microsoft Windows 10 Professionnel (6.2.9200.0 AMD64)
2021-12-08 16:38:26.018 -- Bus Open   : Offset 0
2021-12-08 16:38:26.023 -- Bus Open   : Path \\?\ROOT#SYSTEM#0001#{F679F562-3164-42CE-A4DB-E7DDBE723909}
2021-12-08 16:38:26.045 ## Mapper.Initialize() - Profiles [5] Active [Default] Mappings [0]
2021-12-08 16:38:26.106 ++ C:\Users\YX971\Desktop\ScpServer\bin\ScpServer.exe  1.2.0.160
2021-12-08 16:38:26.111 ++ C:\Users\YX971\Desktop\ScpServer\bin\ScpControl.dll 1.2.0.160
2021-12-08 16:38:26.173 ++ Microsoft Windows 10 Professionnel (6.2.9200.0 AMD64)
2021-12-08 16:38:26.175 -- Bus Open   : Offset 0
2021-12-08 16:38:26.180 -- Bus Open   : Path \\?\ROOT#SYSTEM#0001#{F679F562-3164-42CE-A4DB-E7DDBE723909}
2021-12-08 16:38:26.201 ## Mapper.Initialize() - Profiles [5] Active [Default] Mappings [0]
2021-12-08 16:38:28.384 ## Mapper.Shutdown()
2021-12-08 16:38:32.297 ## Mapper.Shutdown()
